<?xml version="1.0" encoding="UTF-8"?>
<!-- Generated by org.testng.reporters.JUnitReportReporter -->
<testsuite hostname="vivobook-asuslaptop-x512flc-x512fl" failures="0" tests="1" name="Sanitytesting.EP8API" time="1.928" errors="0" timestamp="2023-09-20T14:51:54 IST" skipped="0">
  <testcase classname="Sanitytesting.EP8API" name="Ep8Loading" time="1.928"/>
</testsuite> <!-- Sanitytesting.EP8API -->
